d:\shader書\program\tinyframeworkexample\vc14\textureparameterization\release\vc140.pdb
d:\shader書\program\tinyframeworkexample\vc14\textureparameterization\release\viewmanager.obj
d:\shader書\program\tinyframeworkexample\vc14\textureparameterization\release\tiny_obj_loader.obj
d:\shader書\program\tinyframeworkexample\vc14\textureparameterization\release\meshobject.obj
d:\shader書\program\tinyframeworkexample\vc14\textureparameterization\release\main.obj
d:\shader書\program\tinyframeworkexample\vc14\textureparameterization\release\pickingtexture.obj
d:\shader書\program\tinyframeworkexample\vc14\textureparameterization\release\pickingshader.obj
d:\shader書\program\tinyframeworkexample\vc14\textureparameterization\release\openmesh.obj
d:\shader書\program\tinyframeworkexample\vc14\textureparameterization\release\drawtextureshader.obj
d:\shader書\program\tinyframeworkexample\vc14\textureparameterization\release\drawpickingfaceshader.obj
d:\shader書\program\tinyframeworkexample\vc14\textureparameterization\release\drawmodelshader.obj
d:\shader書\program\tinyframeworkexample\vc14\textureparameterization\release\shaderobject.obj
d:\shader書\program\tinyframeworkexample\vc14\textureparameterization\release\resourcepath.obj
d:\shader書\program\tinyframeworkexample\vc14\textureparameterization\release\common.obj
d:\shader書\program\tinyframeworkexample\assets\textureparameterization.exe
d:\shader書\program\tinyframeworkexample\assets\textureparameterization.ipdb
d:\shader書\program\tinyframeworkexample\assets\textureparameterization.iobj
d:\shader書\program\tinyframeworkexample\assets\textureparameterization.pdb
d:\shader書\program\tinyframeworkexample\vc14\basictexture\..\..\assets\textureparameterization.pdb
d:\shader書\program\tinyframeworkexample\vc14\basictexture\..\..\assets\textureparameterization.exe
d:\shader書\program\tinyframeworkexample\vc14\textureparameterization\release\texturep.6e499534.tlog\cl.command.1.tlog
d:\shader書\program\tinyframeworkexample\vc14\textureparameterization\release\texturep.6e499534.tlog\cl.read.1.tlog
d:\shader書\program\tinyframeworkexample\vc14\textureparameterization\release\texturep.6e499534.tlog\cl.write.1.tlog
d:\shader書\program\tinyframeworkexample\vc14\textureparameterization\release\texturep.6e499534.tlog\link.command.1.tlog
d:\shader書\program\tinyframeworkexample\vc14\textureparameterization\release\texturep.6e499534.tlog\link.read.1.tlog
d:\shader書\program\tinyframeworkexample\vc14\textureparameterization\release\texturep.6e499534.tlog\link.write.1.tlog
